2010-11-06 16:18:42 Debug: Notice (8): Undefined variable: cakeDebug in [C:\xampp\htdocs\oconnors\views\layouts\default.ctp, line 63]
2010-11-06 16:20:45 Debug: Notice (8): Undefined variable: cakeDebug in [C:\xampp\htdocs\oconnors\views\layouts\default.ctp, line 63]
2010-11-06 16:21:38 Debug: Notice (8): Undefined variable: cakeDebug in [C:\xampp\htdocs\oconnors\views\layouts\default.ctp, line 63]
2010-11-06 16:22:53 Debug: Notice (8): Undefined variable: cakeDebug in [C:\xampp\htdocs\oconnors\views\layouts\default.ctp, line 63]
2010-11-06 16:34:31 Debug: Notice (8): Undefined variable: cakeDebug in [C:\xampp\htdocs\oconnors\views\layouts\default.ctp, line 63]
2010-11-06 16:34:33 Debug: Notice (8): Undefined variable: cakeDebug in [C:\xampp\htdocs\oconnors\views\layouts\default.ctp, line 63]
2010-11-06 18:05:44 Debug: Notice (8): Object of class HtmlHelper could not be converted to int in [C:\xampp\htdocs\oconnors\views\elements\left_panel.ctp, line 36]
2010-11-06 18:05:45 Debug: Notice (8): Object of class HtmlHelper could not be converted to int in [C:\xampp\htdocs\oconnors\views\elements\left_panel.ctp, line 36]
2010-11-16 14:14:16 Debug: Notice (1024): Please change the value of 'Security.cipherSeed' in app/config/core.php to a numeric (digits only) seed value specific to your application in [C:\xampp\htdocs\cake\cake\libs\debugger.php, line 688]
2010-11-16 14:34:02 Debug: Notice (8): Undefined variable: paginator in [C:\Users\Ricky\Documents\My Dropbox\htdocs\oconnorsbar\views\users\admin_index.ctp, line 5]
2010-11-16 14:34:14 Debug: Notice (8): Undefined variable: paginator in [C:\Users\Ricky\Documents\My Dropbox\htdocs\oconnorsbar\views\users\admin_index.ctp, line 5]
2010-11-20 13:49:44 Debug: Notice (8): Undefined property: stdClass::$alias in [C:\xampp\htdocs\cake\cake\libs\controller\controller.php, line 1111]
2010-11-20 13:50:18 Debug: Notice (8): Undefined property: DebugView::$Paginator in [C:\Documents and Settings\Laptop\My Documents\My Dropbox\htdocs\oconnorsbar\views\elements\admin\pagination.ctp, line 2]
2010-11-20 13:51:06 Debug: Notice (8): Undefined property: stdClass::$alias in [C:\xampp\htdocs\cake\cake\libs\controller\controller.php, line 1111]
2010-11-20 13:56:02 Debug: Notice (8): Undefined property: DebugView::$Paginator in [C:\Documents and Settings\Laptop\My Documents\My Dropbox\htdocs\oconnorsbar\views\elements\admin\pagination.ctp, line 2]
2010-11-20 14:16:56 Debug: Notice (8): Undefined index:  in [C:\Documents and Settings\Laptop\My Documents\My Dropbox\htdocs\oconnorsbar\views\pages\admin_index.ctp, line 12]
2010-11-20 14:16:56 Debug: Notice (8): Undefined index:  in [C:\Documents and Settings\Laptop\My Documents\My Dropbox\htdocs\oconnorsbar\views\pages\admin_index.ctp, line 14]
2010-11-20 14:16:56 Debug: Notice (8): Undefined index:  in [C:\Documents and Settings\Laptop\My Documents\My Dropbox\htdocs\oconnorsbar\views\pages\admin_index.ctp, line 16]
2010-11-20 14:16:56 Debug: Notice (8): Undefined index:  in [C:\Documents and Settings\Laptop\My Documents\My Dropbox\htdocs\oconnorsbar\views\pages\admin_index.ctp, line 17]
2010-11-20 14:17:04 Debug: Notice (8): Undefined index:  in [C:\Documents and Settings\Laptop\My Documents\My Dropbox\htdocs\oconnorsbar\views\pages\admin_index.ctp, line 12]
2010-11-20 14:17:04 Debug: Notice (8): Undefined index:  in [C:\Documents and Settings\Laptop\My Documents\My Dropbox\htdocs\oconnorsbar\views\pages\admin_index.ctp, line 14]
2010-11-20 14:17:04 Debug: Notice (8): Undefined index:  in [C:\Documents and Settings\Laptop\My Documents\My Dropbox\htdocs\oconnorsbar\views\pages\admin_index.ctp, line 16]
2010-11-20 14:17:04 Debug: Notice (8): Undefined index:  in [C:\Documents and Settings\Laptop\My Documents\My Dropbox\htdocs\oconnorsbar\views\pages\admin_index.ctp, line 17]
2010-11-22 21:35:48 Debug: Notice (8): Array to string conversion in [C:\xampp\htdocs\cake\cake\libs\router.php, line 1582]
2010-11-22 21:35:50 Debug: Notice (8): Array to string conversion in [C:\xampp\htdocs\cake\cake\libs\router.php, line 1582]
2010-11-25 21:50:36 Debug: Notice (8): Undefined variable: page_content in [C:\Documents and Settings\Laptop\My Documents\My Dropbox\htdocs\oconnorsbar\views\pages\home.ctp, line 7]
2010-11-25 22:08:40 Debug: Notice (8): Undefined variable: latestUpcomingEvents in [C:\Documents and Settings\Laptop\My Documents\My Dropbox\htdocs\oconnorsbar\views\pages\home.ctp, line 3]
2010-11-25 22:10:23 Debug: Notice (8): Undefined variable: latestUpcomingEvents in [C:\Documents and Settings\Laptop\My Documents\My Dropbox\htdocs\oconnorsbar\views\pages\index.ctp, line 3]
2010-11-25 22:10:28 Debug: Notice (8): Undefined variable: latestUpcomingEvents in [C:\Documents and Settings\Laptop\My Documents\My Dropbox\htdocs\oconnorsbar\views\pages\index.ctp, line 3]
2010-11-27 16:07:35 Debug: Notice (8): Undefined variable: album_id in [C:\Documents and Settings\Laptop\My Documents\My Dropbox\htdocs\oconnorsbar\views\images\admin_index.ctp, line 5]
2010-11-27 16:08:06 Debug: Notice (8): Undefined index: album_id in [C:\Documents and Settings\Laptop\My Documents\My Dropbox\htdocs\oconnorsbar\views\images\admin_index.ctp, line 5]
2010-11-27 16:08:10 Debug: Notice (8): Undefined index: album_id in [C:\Documents and Settings\Laptop\My Documents\My Dropbox\htdocs\oconnorsbar\views\images\admin_index.ctp, line 5]
2010-11-28 15:57:37 Debug: Notice (8): Undefined index: controller in [C:\xampp\htdocs\cake\cake\dispatcher.php, line 121]
2010-11-28 15:57:37 Debug: Notice (8): Undefined index: controller in [C:\xampp\htdocs\cake\cake\dispatcher.php, line 121]
2010-11-28 19:44:11 Debug: Notice (8): Undefined variable: success in [C:\Documents and Settings\Laptop\My Documents\My Dropbox\htdocs\oconnorsbar\views\subscribers\unsubscribe.ctp, line 4]
2010-11-28 20:51:40 Debug: Notice (8): unserialize() [<a href='http://php.net/function.unserialize'>function.unserialize</a>]: Error at offset 6217 of 6308 bytes in [C:\xampp\htdocs\cake\cake\libs\cache\file.php, line 176]
2011-01-22 17:07:46 Debug: Notice (8): Undefined variable: page in [C:\Users\Ricky\Dropbox\htdocs\oconnorsbar\views\layouts\default.ctp, line 11]
2011-01-22 17:08:49 Debug: Notice (8): Undefined variable: page in [C:\Users\Ricky\Dropbox\htdocs\oconnorsbar\views\layouts\default.ctp, line 11]
2011-01-22 17:08:49 Debug: Notice (8): Undefined variable: page in [C:\Users\Ricky\Dropbox\htdocs\oconnorsbar\views\layouts\default.ctp, line 12]
2011-01-22 17:08:49 Debug: Notice (8): Undefined variable: page in [C:\Users\Ricky\Dropbox\htdocs\oconnorsbar\views\layouts\default.ctp, line 13]
2011-01-22 17:09:33 Debug: Notice (8): Undefined variable: page in [C:\Users\Ricky\Dropbox\htdocs\oconnorsbar\views\layouts\default.ctp, line 12]
2011-01-22 17:09:33 Debug: Notice (8): Undefined variable: page in [C:\Users\Ricky\Dropbox\htdocs\oconnorsbar\views\layouts\default.ctp, line 13]
2011-01-22 17:09:41 Debug: Notice (8): Undefined variable: page in [C:\Users\Ricky\Dropbox\htdocs\oconnorsbar\views\layouts\default.ctp, line 12]
2011-01-22 17:09:41 Debug: Notice (8): Undefined variable: page in [C:\Users\Ricky\Dropbox\htdocs\oconnorsbar\views\layouts\default.ctp, line 13]
2011-01-22 17:10:09 Debug: Notice (8): Undefined variable: page in [C:\Users\Ricky\Dropbox\htdocs\oconnorsbar\views\layouts\default.ctp, line 11]
2011-01-22 17:10:09 Debug: Notice (8): Undefined variable: page in [C:\Users\Ricky\Dropbox\htdocs\oconnorsbar\views\layouts\default.ctp, line 12]
2011-01-22 17:10:09 Debug: Notice (8): Undefined variable: page in [C:\Users\Ricky\Dropbox\htdocs\oconnorsbar\views\layouts\default.ctp, line 13]
2011-01-22 17:10:55 Debug: Notice (8): Undefined variable: page in [C:\Users\Ricky\Dropbox\htdocs\oconnorsbar\views\layouts\default.ctp, line 11]
2011-01-22 17:10:55 Debug: Notice (8): Undefined variable: page in [C:\Users\Ricky\Dropbox\htdocs\oconnorsbar\views\layouts\default.ctp, line 12]
2011-01-24 13:32:46 Debug: Notice (8): Undefined variable: page in [C:\Users\Ricky\Documents\My Dropbox\htdocs\oconnorsbar\views\layouts\default.ctp, line 11]
2011-01-24 13:32:46 Debug: Notice (8): Undefined variable: page in [C:\Users\Ricky\Documents\My Dropbox\htdocs\oconnorsbar\views\layouts\default.ctp, line 12]
2011-01-25 20:50:25 Debug: Notice (8): Undefined variable: page in [C:\Users\Ricky\Dropbox\htdocs\oconnorsbar\views\layouts\default.ctp, line 11]
2011-01-25 20:50:25 Debug: Notice (8): Undefined variable: page in [C:\Users\Ricky\Dropbox\htdocs\oconnorsbar\views\layouts\default.ctp, line 12]
2011-01-25 20:50:46 Debug: Notice (8): Undefined variable: page in [C:\Users\Ricky\Dropbox\htdocs\oconnorsbar\views\layouts\default.ctp, line 11]
2011-01-25 20:50:46 Debug: Notice (8): Undefined variable: page in [C:\Users\Ricky\Dropbox\htdocs\oconnorsbar\views\layouts\default.ctp, line 12]
2011-01-25 20:51:56 Debug: Notice (8): Undefined variable: page in [C:\Users\Ricky\Dropbox\htdocs\oconnorsbar\views\layouts\default.ctp, line 11]
2011-01-25 20:51:56 Debug: Notice (8): Undefined variable: page in [C:\Users\Ricky\Dropbox\htdocs\oconnorsbar\views\layouts\default.ctp, line 12]
2011-01-25 20:51:59 Debug: Notice (8): Undefined variable: page in [C:\Users\Ricky\Dropbox\htdocs\oconnorsbar\views\layouts\default.ctp, line 11]
2011-01-25 20:51:59 Debug: Notice (8): Undefined variable: page in [C:\Users\Ricky\Dropbox\htdocs\oconnorsbar\views\layouts\default.ctp, line 12]
2011-01-25 20:52:43 Debug: Notice (8): Undefined variable: page in [C:\Users\Ricky\Dropbox\htdocs\oconnorsbar\views\layouts\default.ctp, line 11]
2011-01-25 20:52:43 Debug: Notice (8): Undefined variable: page in [C:\Users\Ricky\Dropbox\htdocs\oconnorsbar\views\layouts\default.ctp, line 12]
2011-01-25 21:44:43 Debug: Notice (8): Undefined variable: page in [C:\Users\Ricky\Dropbox\htdocs\oconnorsbar\views\layouts\default.ctp, line 11]
2011-01-25 21:44:43 Debug: Notice (8): Undefined variable: page in [C:\Users\Ricky\Dropbox\htdocs\oconnorsbar\views\layouts\default.ctp, line 12]
2011-01-25 21:44:49 Debug: Notice (8): Undefined variable: page in [C:\Users\Ricky\Dropbox\htdocs\oconnorsbar\views\layouts\default.ctp, line 11]
2011-01-25 21:44:49 Debug: Notice (8): Undefined variable: page in [C:\Users\Ricky\Dropbox\htdocs\oconnorsbar\views\layouts\default.ctp, line 12]
2011-01-25 21:44:53 Debug: Notice (8): Undefined variable: page in [C:\Users\Ricky\Dropbox\htdocs\oconnorsbar\views\layouts\default.ctp, line 11]
2011-01-25 21:44:54 Debug: Notice (8): Undefined variable: page in [C:\Users\Ricky\Dropbox\htdocs\oconnorsbar\views\layouts\default.ctp, line 12]
2011-01-25 21:44:58 Debug: Notice (8): Undefined variable: page in [C:\Users\Ricky\Dropbox\htdocs\oconnorsbar\views\layouts\default.ctp, line 11]
2011-01-25 21:44:58 Debug: Notice (8): Undefined variable: page in [C:\Users\Ricky\Dropbox\htdocs\oconnorsbar\views\layouts\default.ctp, line 12]
2011-01-25 21:45:03 Debug: Notice (8): Undefined variable: page in [C:\Users\Ricky\Dropbox\htdocs\oconnorsbar\views\layouts\default.ctp, line 11]
2011-01-25 21:45:03 Debug: Notice (8): Undefined variable: page in [C:\Users\Ricky\Dropbox\htdocs\oconnorsbar\views\layouts\default.ctp, line 12]
2011-01-25 21:45:09 Debug: Notice (8): Undefined variable: page in [C:\Users\Ricky\Dropbox\htdocs\oconnorsbar\views\layouts\default.ctp, line 11]
2011-01-25 21:45:09 Debug: Notice (8): Undefined variable: page in [C:\Users\Ricky\Dropbox\htdocs\oconnorsbar\views\layouts\default.ctp, line 12]
2011-01-25 21:45:18 Debug: Notice (8): Undefined variable: page in [C:\Users\Ricky\Dropbox\htdocs\oconnorsbar\views\layouts\default.ctp, line 11]
2011-01-25 21:45:18 Debug: Notice (8): Undefined variable: page in [C:\Users\Ricky\Dropbox\htdocs\oconnorsbar\views\layouts\default.ctp, line 12]
2011-01-25 21:45:23 Debug: Notice (8): Undefined variable: page in [C:\Users\Ricky\Dropbox\htdocs\oconnorsbar\views\layouts\default.ctp, line 11]
2011-01-25 21:45:23 Debug: Notice (8): Undefined variable: page in [C:\Users\Ricky\Dropbox\htdocs\oconnorsbar\views\layouts\default.ctp, line 12]
2011-01-25 21:45:33 Debug: Notice (8): Undefined variable: page in [C:\Users\Ricky\Dropbox\htdocs\oconnorsbar\views\layouts\default.ctp, line 11]
2011-01-25 21:45:33 Debug: Notice (8): Undefined variable: page in [C:\Users\Ricky\Dropbox\htdocs\oconnorsbar\views\layouts\default.ctp, line 12]
2011-01-25 21:45:40 Debug: Notice (8): Undefined variable: page in [C:\Users\Ricky\Dropbox\htdocs\oconnorsbar\views\layouts\default.ctp, line 11]
2011-01-25 21:45:40 Debug: Notice (8): Undefined variable: page in [C:\Users\Ricky\Dropbox\htdocs\oconnorsbar\views\layouts\default.ctp, line 12]
2011-01-25 21:49:17 Debug: Notice (8): Undefined variable: page in [C:\Users\Ricky\Dropbox\htdocs\oconnorsbar\views\layouts\default.ctp, line 11]
2011-01-25 21:49:17 Debug: Notice (8): Undefined variable: page in [C:\Users\Ricky\Dropbox\htdocs\oconnorsbar\views\layouts\default.ctp, line 12]
2011-01-25 21:49:23 Debug: Notice (8): Undefined variable: page in [C:\Users\Ricky\Dropbox\htdocs\oconnorsbar\views\layouts\default.ctp, line 11]
2011-01-25 21:49:23 Debug: Notice (8): Undefined variable: page in [C:\Users\Ricky\Dropbox\htdocs\oconnorsbar\views\layouts\default.ctp, line 12]
2011-01-25 21:49:53 Debug: Notice (8): Undefined variable: page in [C:\Users\Ricky\Dropbox\htdocs\oconnorsbar\views\layouts\default.ctp, line 11]
2011-01-25 21:49:53 Debug: Notice (8): Undefined variable: page in [C:\Users\Ricky\Dropbox\htdocs\oconnorsbar\views\layouts\default.ctp, line 12]
2011-01-25 21:49:57 Debug: Notice (8): Undefined variable: page in [C:\Users\Ricky\Dropbox\htdocs\oconnorsbar\views\layouts\default.ctp, line 11]
2011-01-25 21:49:57 Debug: Notice (8): Undefined variable: page in [C:\Users\Ricky\Dropbox\htdocs\oconnorsbar\views\layouts\default.ctp, line 12]
2011-01-25 21:55:57 Debug: Notice (8): Undefined variable: page in [C:\Users\Ricky\Dropbox\htdocs\oconnorsbar\views\layouts\default.ctp, line 11]
2011-01-25 21:55:57 Debug: Notice (8): Undefined variable: page in [C:\Users\Ricky\Dropbox\htdocs\oconnorsbar\views\layouts\default.ctp, line 12]
2011-01-25 21:56:13 Debug: Notice (8): Undefined variable: page in [C:\Users\Ricky\Dropbox\htdocs\oconnorsbar\views\layouts\default.ctp, line 11]
2011-01-25 21:56:13 Debug: Notice (8): Undefined variable: page in [C:\Users\Ricky\Dropbox\htdocs\oconnorsbar\views\layouts\default.ctp, line 12]
2011-01-25 21:56:27 Debug: Notice (8): Undefined variable: page in [C:\Users\Ricky\Dropbox\htdocs\oconnorsbar\views\layouts\default.ctp, line 11]
2011-01-25 21:56:27 Debug: Notice (8): Undefined variable: page in [C:\Users\Ricky\Dropbox\htdocs\oconnorsbar\views\layouts\default.ctp, line 12]
2011-01-25 21:56:35 Debug: Notice (8): Undefined variable: page in [C:\Users\Ricky\Dropbox\htdocs\oconnorsbar\views\layouts\default.ctp, line 11]
2011-01-25 21:56:35 Debug: Notice (8): Undefined variable: page in [C:\Users\Ricky\Dropbox\htdocs\oconnorsbar\views\layouts\default.ctp, line 12]
2011-01-25 21:56:40 Debug: Notice (8): Undefined variable: page in [C:\Users\Ricky\Dropbox\htdocs\oconnorsbar\views\layouts\default.ctp, line 11]
2011-01-25 21:56:40 Debug: Notice (8): Undefined variable: page in [C:\Users\Ricky\Dropbox\htdocs\oconnorsbar\views\layouts\default.ctp, line 12]
2011-01-25 21:56:44 Debug: Notice (8): Undefined variable: page in [C:\Users\Ricky\Dropbox\htdocs\oconnorsbar\views\layouts\default.ctp, line 11]
2011-01-25 21:56:44 Debug: Notice (8): Undefined variable: page in [C:\Users\Ricky\Dropbox\htdocs\oconnorsbar\views\layouts\default.ctp, line 12]
2011-01-25 21:57:10 Debug: Notice (8): Undefined variable: page in [C:\Users\Ricky\Dropbox\htdocs\oconnorsbar\views\layouts\default.ctp, line 11]
2011-01-25 21:57:10 Debug: Notice (8): Undefined variable: page in [C:\Users\Ricky\Dropbox\htdocs\oconnorsbar\views\layouts\default.ctp, line 12]
2011-01-25 21:57:34 Debug: Notice (8): Undefined variable: page in [C:\Users\Ricky\Dropbox\htdocs\oconnorsbar\views\layouts\default.ctp, line 11]
2011-01-25 21:57:34 Debug: Notice (8): Undefined variable: page in [C:\Users\Ricky\Dropbox\htdocs\oconnorsbar\views\layouts\default.ctp, line 12]
2011-01-25 21:57:46 Debug: Notice (8): Undefined variable: page in [C:\Users\Ricky\Dropbox\htdocs\oconnorsbar\views\layouts\default.ctp, line 11]
2011-01-25 21:57:46 Debug: Notice (8): Undefined variable: page in [C:\Users\Ricky\Dropbox\htdocs\oconnorsbar\views\layouts\default.ctp, line 12]
2011-01-25 21:57:50 Debug: Notice (8): Undefined variable: page in [C:\Users\Ricky\Dropbox\htdocs\oconnorsbar\views\layouts\default.ctp, line 11]
2011-01-25 21:57:50 Debug: Notice (8): Undefined variable: page in [C:\Users\Ricky\Dropbox\htdocs\oconnorsbar\views\layouts\default.ctp, line 12]
2011-01-25 21:57:54 Debug: Notice (8): Undefined variable: page in [C:\Users\Ricky\Dropbox\htdocs\oconnorsbar\views\layouts\default.ctp, line 11]
2011-01-25 21:57:54 Debug: Notice (8): Undefined variable: page in [C:\Users\Ricky\Dropbox\htdocs\oconnorsbar\views\layouts\default.ctp, line 12]
2011-01-25 21:58:03 Debug: Notice (8): Undefined variable: page in [C:\Users\Ricky\Dropbox\htdocs\oconnorsbar\views\layouts\default.ctp, line 11]
2011-01-25 21:58:03 Debug: Notice (8): Undefined variable: page in [C:\Users\Ricky\Dropbox\htdocs\oconnorsbar\views\layouts\default.ctp, line 12]
2011-01-27 01:07:35 Debug: Notice (8): Undefined variable: page in [C:\Users\Ricky\Dropbox\htdocs\oconnorsbar\views\layouts\default.ctp, line 11]
2011-01-27 01:07:35 Debug: Notice (8): Undefined variable: page in [C:\Users\Ricky\Dropbox\htdocs\oconnorsbar\views\layouts\default.ctp, line 12]
2011-01-27 21:01:30 Debug: Notice (8): Undefined variable: page in [C:\Users\Ricky\Dropbox\htdocs\oconnorsbar\views\layouts\default.ctp, line 11]
2011-01-27 21:01:30 Debug: Notice (8): Undefined variable: page in [C:\Users\Ricky\Dropbox\htdocs\oconnorsbar\views\layouts\default.ctp, line 12]
2011-01-27 21:01:31 Debug: Notice (8): Undefined variable: page in [C:\Users\Ricky\Dropbox\htdocs\oconnorsbar\views\layouts\default.ctp, line 11]
2011-01-27 21:01:31 Debug: Notice (8): Undefined variable: page in [C:\Users\Ricky\Dropbox\htdocs\oconnorsbar\views\layouts\default.ctp, line 12]
2011-01-27 21:01:32 Debug: Notice (8): Undefined variable: page in [C:\Users\Ricky\Dropbox\htdocs\oconnorsbar\views\layouts\default.ctp, line 11]
2011-01-27 21:01:32 Debug: Notice (8): Undefined variable: page in [C:\Users\Ricky\Dropbox\htdocs\oconnorsbar\views\layouts\default.ctp, line 12]
2011-01-27 21:01:33 Debug: Notice (8): Undefined variable: page in [C:\Users\Ricky\Dropbox\htdocs\oconnorsbar\views\layouts\default.ctp, line 11]
2011-01-27 21:01:33 Debug: Notice (8): Undefined variable: page in [C:\Users\Ricky\Dropbox\htdocs\oconnorsbar\views\layouts\default.ctp, line 12]
2011-01-27 21:01:34 Debug: Notice (8): Undefined variable: page in [C:\Users\Ricky\Dropbox\htdocs\oconnorsbar\views\layouts\default.ctp, line 11]
2011-01-27 21:01:34 Debug: Notice (8): Undefined variable: page in [C:\Users\Ricky\Dropbox\htdocs\oconnorsbar\views\layouts\default.ctp, line 12]
2011-02-17 23:35:30 Debug: Notice (8): Undefined index: Album in [C:\Users\Ricky\Dropbox\htdocs\oconnorsbar\views\pages\oconnors-bar-merchandise.ctp, line 21]
2011-02-17 23:35:30 Debug: Notice (8): Undefined index: Album in [C:\Users\Ricky\Dropbox\htdocs\oconnorsbar\views\pages\oconnors-bar-merchandise.ctp, line 22]
2011-02-17 23:35:30 Debug: Notice (8): Undefined index: Album in [C:\Users\Ricky\Dropbox\htdocs\oconnorsbar\views\pages\oconnors-bar-merchandise.ctp, line 24]
2011-02-17 23:35:30 Debug: Notice (8): Undefined index: Album in [C:\Users\Ricky\Dropbox\htdocs\oconnorsbar\views\pages\oconnors-bar-merchandise.ctp, line 25]
2011-02-19 11:42:01 Debug: Notice (8): Undefined variable: page in [C:\Users\Ricky\Dropbox\htdocs\oconnorsbar\views\layouts\default.ctp, line 11]
2011-02-19 11:42:02 Debug: Notice (8): Undefined variable: page in [C:\Users\Ricky\Dropbox\htdocs\oconnorsbar\views\layouts\default.ctp, line 12]
2011-02-19 11:43:24 Debug: Notice (8): Undefined index: controller in [C:\xampp\htdocs\cake\cake\dispatcher.php, line 121]
2011-02-19 11:43:24 Debug: Notice (8): Undefined variable: page in [C:\Users\Ricky\Dropbox\htdocs\oconnorsbar\views\layouts\default.ctp, line 11]
2011-02-19 11:43:24 Debug: Notice (8): Undefined variable: page in [C:\Users\Ricky\Dropbox\htdocs\oconnorsbar\views\layouts\default.ctp, line 12]
2011-02-19 17:28:45 Debug: Notice (8): Undefined variable: page in [C:\Users\Ricky\Dropbox\htdocs\oconnorsbar\views\layouts\default.ctp, line 11]
2011-02-19 17:28:45 Debug: Notice (8): Undefined variable: page in [C:\Users\Ricky\Dropbox\htdocs\oconnorsbar\views\layouts\default.ctp, line 12]
2011-02-19 17:33:18 Debug: Notice (8): Undefined variable: page in [C:\Users\Ricky\Dropbox\htdocs\oconnorsbar\views\layouts\default.ctp, line 11]
2011-02-19 17:33:18 Debug: Notice (8): Undefined variable: page in [C:\Users\Ricky\Dropbox\htdocs\oconnorsbar\views\layouts\default.ctp, line 12]
2011-02-19 17:33:37 Debug: Notice (8): Undefined variable: page in [C:\Users\Ricky\Dropbox\htdocs\oconnorsbar\views\layouts\default.ctp, line 11]
2011-02-19 17:33:37 Debug: Notice (8): Undefined variable: page in [C:\Users\Ricky\Dropbox\htdocs\oconnorsbar\views\layouts\default.ctp, line 12]
2011-02-19 17:33:40 Debug: Notice (8): Undefined variable: page in [C:\Users\Ricky\Dropbox\htdocs\oconnorsbar\views\layouts\default.ctp, line 11]
2011-02-19 17:33:40 Debug: Notice (8): Undefined variable: page in [C:\Users\Ricky\Dropbox\htdocs\oconnorsbar\views\layouts\default.ctp, line 12]
2011-02-19 17:33:51 Debug: Notice (8): Undefined variable: page in [C:\Users\Ricky\Dropbox\htdocs\oconnorsbar\views\layouts\default.ctp, line 11]
2011-02-19 17:33:51 Debug: Notice (8): Undefined variable: page in [C:\Users\Ricky\Dropbox\htdocs\oconnorsbar\views\layouts\default.ctp, line 12]
2011-02-19 17:35:36 Debug: Notice (8): Undefined variable: page in [C:\Users\Ricky\Dropbox\htdocs\oconnorsbar\views\layouts\default.ctp, line 11]
2011-02-19 17:35:36 Debug: Notice (8): Undefined variable: page in [C:\Users\Ricky\Dropbox\htdocs\oconnorsbar\views\layouts\default.ctp, line 12]
2011-02-19 17:37:13 Debug: Notice (8): Undefined variable: page in [C:\Users\Ricky\Dropbox\htdocs\oconnorsbar\views\layouts\default.ctp, line 11]
2011-02-19 17:37:13 Debug: Notice (8): Undefined variable: page in [C:\Users\Ricky\Dropbox\htdocs\oconnorsbar\views\layouts\default.ctp, line 12]
2011-02-19 17:37:21 Debug: Notice (8): Undefined variable: page in [C:\Users\Ricky\Dropbox\htdocs\oconnorsbar\views\layouts\default.ctp, line 11]
2011-02-19 17:37:21 Debug: Notice (8): Undefined variable: page in [C:\Users\Ricky\Dropbox\htdocs\oconnorsbar\views\layouts\default.ctp, line 12]
