2010-11-06 17:02:40 Warning: Warning (2): mysql_connect() [<a href='http://php.net/function.mysql-connect'>function.mysql-connect</a>]: Can't connect to MySQL server on 'localhost' (10022) in [C:\xampp\htdocs\cake\cake\libs\model\datasources\dbo\dbo_mysql.php, line 540]
2010-11-06 17:02:40 Warning: Warning (2): mysql_select_db() expects parameter 2 to be resource, boolean given in [C:\xampp\htdocs\cake\cake\libs\model\datasources\dbo\dbo_mysql.php, line 546]
2010-11-06 17:02:40 Warning: Warning (2): mysql_get_server_info() expects parameter 1 to be resource, boolean given in [C:\xampp\htdocs\cake\cake\libs\model\datasources\dbo\dbo_mysql.php, line 554]
2010-11-06 17:02:41 Warning: Warning (2): mysql_connect() [<a href='http://php.net/function.mysql-connect'>function.mysql-connect</a>]: Can't connect to MySQL server on 'localhost' (10022) in [C:\xampp\htdocs\cake\cake\libs\model\datasources\dbo\dbo_mysql.php, line 540]
2010-11-06 17:02:41 Warning: Warning (2): mysql_select_db() expects parameter 2 to be resource, boolean given in [C:\xampp\htdocs\cake\cake\libs\model\datasources\dbo\dbo_mysql.php, line 546]
2010-11-06 17:02:41 Warning: Warning (2): mysql_get_server_info() expects parameter 1 to be resource, boolean given in [C:\xampp\htdocs\cake\cake\libs\model\datasources\dbo\dbo_mysql.php, line 554]
2010-11-06 17:03:25 Warning: Warning (2): mysql_connect() [<a href='http://php.net/function.mysql-connect'>function.mysql-connect</a>]: Can't connect to MySQL server on 'localhost' (10022) in [C:\xampp\htdocs\cake\cake\libs\model\datasources\dbo\dbo_mysql.php, line 540]
2010-11-06 17:03:25 Warning: Warning (2): mysql_select_db() expects parameter 2 to be resource, boolean given in [C:\xampp\htdocs\cake\cake\libs\model\datasources\dbo\dbo_mysql.php, line 546]
2010-11-06 17:03:25 Warning: Warning (2): mysql_get_server_info() expects parameter 1 to be resource, boolean given in [C:\xampp\htdocs\cake\cake\libs\model\datasources\dbo\dbo_mysql.php, line 554]
2010-11-06 17:03:25 Warning: Warning (2): mysql_query() expects parameter 2 to be resource, boolean given in [C:\xampp\htdocs\cake\cake\libs\model\datasources\dbo\dbo_mysql.php, line 588]
2010-11-06 17:03:25 Warning: Warning (2): mysql_connect() [<a href='http://php.net/function.mysql-connect'>function.mysql-connect</a>]: Can't connect to MySQL server on 'localhost' (10022) in [C:\xampp\htdocs\cake\cake\libs\model\datasources\dbo\dbo_mysql.php, line 540]
2010-11-06 17:03:25 Warning: Warning (2): mysql_select_db() expects parameter 2 to be resource, boolean given in [C:\xampp\htdocs\cake\cake\libs\model\datasources\dbo\dbo_mysql.php, line 546]
2010-11-06 17:03:25 Warning: Warning (2): mysql_get_server_info() expects parameter 1 to be resource, boolean given in [C:\xampp\htdocs\cake\cake\libs\model\datasources\dbo\dbo_mysql.php, line 554]
2010-11-06 17:03:25 Warning: Warning (2): Cannot modify header information - headers already sent by (output started at C:\xampp\htdocs\cake\cake\libs\debugger.php:673) in [C:\xampp\htdocs\cake\cake\libs\controller\controller.php, line 746]
2010-11-06 17:03:25 Warning: Warning (2): mysql_connect() [<a href='http://php.net/function.mysql-connect'>function.mysql-connect</a>]: Can't connect to MySQL server on 'localhost' (10022) in [C:\xampp\htdocs\cake\cake\libs\model\datasources\dbo\dbo_mysql.php, line 540]
2010-11-06 17:03:25 Warning: Warning (2): mysql_select_db() expects parameter 2 to be resource, boolean given in [C:\xampp\htdocs\cake\cake\libs\model\datasources\dbo\dbo_mysql.php, line 546]
2010-11-06 17:03:25 Warning: Warning (2): mysql_query() expects parameter 2 to be resource, boolean given in [C:\xampp\htdocs\cake\cake\libs\model\datasources\dbo\dbo_mysql.php, line 588]
2010-11-06 17:03:25 Warning: Warning (2): mysql_get_server_info() expects parameter 1 to be resource, boolean given in [C:\xampp\htdocs\cake\cake\libs\model\datasources\dbo\dbo_mysql.php, line 554]
2010-11-06 17:03:25 Warning: Warning (2): mysql_errno() expects parameter 1 to be resource, boolean given in [C:\xampp\htdocs\cake\cake\libs\model\datasources\dbo\dbo_mysql.php, line 667]
2010-11-06 17:03:25 Warning: Warning (2): Invalid argument supplied for foreach() in [C:\xampp\htdocs\cake\cake\libs\model\datasources\dbo\dbo_mysql.php, line 127]
2010-11-06 17:05:00 Warning: Warning (2): fopen(C:\xampp\htdocs\oconnors\tmp\cache\models\cake_model_default_news) [<a href='http://php.net/function.fopen'>function.fopen</a>]: failed to open stream: Permission denied in [C:\xampp\htdocs\cake\cake\libs\file.php, line 154]
2010-11-06 17:05:00 Warning: Warning (2): fopen(C:\xampp\htdocs\oconnors\tmp\cache\models\cake_model_default_subscribers) [<a href='http://php.net/function.fopen'>function.fopen</a>]: failed to open stream: Permission denied in [C:\xampp\htdocs\cake\cake\libs\file.php, line 154]
2010-11-06 18:05:44 Warning: Warning (2): link() expects exactly 2 parameters, 3 given in [C:\xampp\htdocs\oconnors\views\elements\left_panel.ctp, line 36]
2010-11-06 18:05:45 Warning: Warning (2): link() expects exactly 2 parameters, 3 given in [C:\xampp\htdocs\oconnors\views\elements\left_panel.ctp, line 36]
2010-11-15 13:41:40 Warning: Warning (2): fopen(C:\Users\Ricky\Documents\My Dropbox\htdocs\oconnorsbar\tmp\cache\persistent\cake_core_debug_kit_en_us) [<a href='http://php.net/function.fopen'>function.fopen</a>]: failed to open stream: No such file or directory in [C:\xampp\htdocs\cake\cake\libs\file.php, line 154]
2010-11-15 13:41:40 Warning: Warning (2): fopen(C:\Users\Ricky\Documents\My Dropbox\htdocs\oconnorsbar\tmp\cache\models\cake_model_default_dev_oconnors_list) [<a href='http://php.net/function.fopen'>function.fopen</a>]: failed to open stream: No such file or directory in [C:\xampp\htdocs\cake\cake\libs\file.php, line 154]
2010-11-15 13:41:40 Warning: Warning (2): fopen(C:\Users\Ricky\Documents\My Dropbox\htdocs\oconnorsbar\tmp\cache\models\cake_model_default_images) [<a href='http://php.net/function.fopen'>function.fopen</a>]: failed to open stream: No such file or directory in [C:\xampp\htdocs\cake\cake\libs\file.php, line 154]
2010-11-15 13:41:40 Warning: Warning (2): Cannot modify header information - headers already sent by (output started at C:\xampp\htdocs\cake\cake\libs\debugger.php:673) in [C:\xampp\htdocs\cake\cake\dispatcher.php, line 637]
2010-11-15 13:41:40 Warning: Warning (2): Cannot modify header information - headers already sent by (output started at C:\xampp\htdocs\cake\cake\libs\debugger.php:673) in [C:\xampp\htdocs\cake\cake\dispatcher.php, line 638]
2010-11-15 13:41:40 Warning: Warning (2): Cannot modify header information - headers already sent by (output started at C:\xampp\htdocs\cake\cake\libs\debugger.php:673) in [C:\xampp\htdocs\cake\cake\dispatcher.php, line 639]
2010-11-15 13:41:40 Warning: Warning (2): Cannot modify header information - headers already sent by (output started at C:\xampp\htdocs\cake\cake\libs\debugger.php:673) in [C:\xampp\htdocs\cake\cake\dispatcher.php, line 640]
2010-11-15 13:41:40 Warning: Warning (2): Cannot modify header information - headers already sent by (output started at C:\xampp\htdocs\cake\cake\libs\debugger.php:673) in [C:\xampp\htdocs\cake\cake\dispatcher.php, line 641]
2010-11-15 13:44:07 Warning: Warning (2): fopen(C:\Users\Ricky\Documents\My Dropbox\htdocs\oconnorsbar\tmp\cache\cake_toolbar_cache) [<a href='http://php.net/function.fopen'>function.fopen</a>]: failed to open stream: Permission denied in [C:\xampp\htdocs\cake\cake\libs\file.php, line 154]
2010-11-15 13:45:40 Warning: Warning (2): fopen(C:\Users\Ricky\Documents\My Dropbox\htdocs\oconnorsbar\tmp\cache\cake_toolbar_cache) [<a href='http://php.net/function.fopen'>function.fopen</a>]: failed to open stream: Permission denied in [C:\xampp\htdocs\cake\cake\libs\file.php, line 154]
2010-11-16 13:51:22 Warning: Warning (2): fopen(C:\Users\Ricky\Documents\My Dropbox\htdocs\oconnorsbar\tmp\cache\persistent\cake_core_object_map) [<a href='http://php.net/function.fopen'>function.fopen</a>]: failed to open stream: Permission denied in [C:\xampp\htdocs\cake\cake\libs\file.php, line 154]
2010-11-16 13:58:07 Warning: Warning (512): <span style="color:Red;text-align:left"><b>SQL Error:</b> 1064: You have an error in your SQL syntax; check the manual that corresponds to your MySQL server version for the right syntax to use near 'access_groups' at line 1</span> in [C:\xampp\htdocs\cake\cake\libs\model\datasources\dbo_source.php, line 681]
2010-11-16 13:58:07 Warning: Warning (2): Cannot modify header information - headers already sent by (output started at C:\xampp\htdocs\cake\cake\libs\debugger.php:673) in [C:\xampp\htdocs\cake\cake\libs\controller\controller.php, line 746]
2010-11-16 14:01:46 Warning: Warning (512): <span style="color:Red;text-align:left"><b>SQL Error:</b> 1064: You have an error in your SQL syntax; check the manual that corresponds to your MySQL server version for the right syntax to use near 'access_groups' at line 1</span> in [C:\xampp\htdocs\cake\cake\libs\model\datasources\dbo_source.php, line 681]
2010-11-16 14:01:46 Warning: Warning (512): <span style="color:Red;text-align:left"><b>SQL Error:</b> 1064: You have an error in your SQL syntax; check the manual that corresponds to your MySQL server version for the right syntax to use near 'access_groups' at line 1</span> in [C:\xampp\htdocs\cake\cake\libs\model\datasources\dbo_source.php, line 681]
2010-11-16 14:06:06 Warning: Warning (512): <span style="color:Red;text-align:left"><b>SQL Error:</b> 1064: You have an error in your SQL syntax; check the manual that corresponds to your MySQL server version for the right syntax to use near 'access_groups' at line 1</span> in [C:\xampp\htdocs\cake\cake\libs\model\datasources\dbo_source.php, line 681]
2010-11-16 14:06:07 Warning: Warning (512): <span style="color:Red;text-align:left"><b>SQL Error:</b> 1064: You have an error in your SQL syntax; check the manual that corresponds to your MySQL server version for the right syntax to use near 'access_groups' at line 1</span> in [C:\xampp\htdocs\cake\cake\libs\model\datasources\dbo_source.php, line 681]
2010-11-16 14:06:37 Warning: Warning (512): <span style="color:Red;text-align:left"><b>SQL Error:</b> 1064: You have an error in your SQL syntax; check the manual that corresponds to your MySQL server version for the right syntax to use near 'access_groups' at line 1</span> in [C:\xampp\htdocs\cake\cake\libs\model\datasources\dbo_source.php, line 681]
2010-11-16 14:06:37 Warning: Warning (512): <span style="color:Red;text-align:left"><b>SQL Error:</b> 1064: You have an error in your SQL syntax; check the manual that corresponds to your MySQL server version for the right syntax to use near 'access_groups' at line 1</span> in [C:\xampp\htdocs\cake\cake\libs\model\datasources\dbo_source.php, line 681]
2010-11-16 14:07:32 Warning: Warning (512): <span style="color:Red;text-align:left"><b>SQL Error:</b> 1064: You have an error in your SQL syntax; check the manual that corresponds to your MySQL server version for the right syntax to use near 'access_groups' at line 1</span> in [C:\xampp\htdocs\cake\cake\libs\model\datasources\dbo_source.php, line 681]
2010-11-16 14:07:32 Warning: Warning (512): <span style="color:Red;text-align:left"><b>SQL Error:</b> 1064: You have an error in your SQL syntax; check the manual that corresponds to your MySQL server version for the right syntax to use near 'access_groups' at line 1</span> in [C:\xampp\htdocs\cake\cake\libs\model\datasources\dbo_source.php, line 681]
2010-11-16 14:08:09 Warning: Warning (512): <span style="color:Red;text-align:left"><b>SQL Error:</b> 1064: You have an error in your SQL syntax; check the manual that corresponds to your MySQL server version for the right syntax to use near 'access_groups' at line 1</span> in [C:\xampp\htdocs\cake\cake\libs\model\datasources\dbo_source.php, line 681]
2010-11-16 14:09:03 Warning: Warning (512): <span style="color:Red;text-align:left"><b>SQL Error:</b> 1064: You have an error in your SQL syntax; check the manual that corresponds to your MySQL server version for the right syntax to use near 'access_groups' at line 1</span> in [C:\xampp\htdocs\cake\cake\libs\model\datasources\dbo_source.php, line 681]
2010-11-16 14:09:03 Warning: Warning (2): Cannot modify header information - headers already sent by (output started at C:\xampp\htdocs\cake\cake\libs\debugger.php:673) in [C:\xampp\htdocs\cake\cake\libs\controller\controller.php, line 746]
2010-11-16 14:09:06 Warning: Warning (512): <span style="color:Red;text-align:left"><b>SQL Error:</b> 1064: You have an error in your SQL syntax; check the manual that corresponds to your MySQL server version for the right syntax to use near 'access_groups' at line 1</span> in [C:\xampp\htdocs\cake\cake\libs\model\datasources\dbo_source.php, line 681]
2010-11-16 14:09:06 Warning: Warning (2): Cannot modify header information - headers already sent by (output started at C:\xampp\htdocs\cake\cake\libs\debugger.php:673) in [C:\xampp\htdocs\cake\cake\libs\controller\controller.php, line 746]
2010-11-16 14:09:48 Warning: Warning (512): <span style="color:Red;text-align:left"><b>SQL Error:</b> 1064: You have an error in your SQL syntax; check the manual that corresponds to your MySQL server version for the right syntax to use near 'access_groups' at line 1</span> in [C:\xampp\htdocs\cake\cake\libs\model\datasources\dbo_source.php, line 681]
2010-11-16 14:09:56 Warning: Warning (512): <span style="color:Red;text-align:left"><b>SQL Error:</b> 1064: You have an error in your SQL syntax; check the manual that corresponds to your MySQL server version for the right syntax to use near 'access_groups' at line 1</span> in [C:\xampp\htdocs\cake\cake\libs\model\datasources\dbo_source.php, line 681]
2010-11-16 14:09:56 Warning: Warning (2): fopen(C:\Users\Ricky\Documents\My Dropbox\htdocs\oconnorsbar\tmp\cache\persistent\cake_core_dir_map) [<a href='http://php.net/function.fopen'>function.fopen</a>]: failed to open stream: Invalid argument in [C:\xampp\htdocs\cake\cake\libs\file.php, line 154]
2010-11-16 14:10:06 Warning: Warning (512): <span style="color:Red;text-align:left"><b>SQL Error:</b> 1064: You have an error in your SQL syntax; check the manual that corresponds to your MySQL server version for the right syntax to use near 'access_groups' at line 1</span> in [C:\xampp\htdocs\cake\cake\libs\model\datasources\dbo_source.php, line 681]
2010-11-16 14:10:13 Warning: Warning (512): <span style="color:Red;text-align:left"><b>SQL Error:</b> 1064: You have an error in your SQL syntax; check the manual that corresponds to your MySQL server version for the right syntax to use near 'access_groups' at line 1</span> in [C:\xampp\htdocs\cake\cake\libs\model\datasources\dbo_source.php, line 681]
2010-11-16 14:14:16 Warning: Warning (512): <span style="color:Red;text-align:left"><b>SQL Error:</b> 1064: You have an error in your SQL syntax; check the manual that corresponds to your MySQL server version for the right syntax to use near 'access_groups' at line 1</span> in [C:\xampp\htdocs\cake\cake\libs\model\datasources\dbo_source.php, line 681]
2010-11-16 14:14:34 Warning: Warning (512): <span style="color:Red;text-align:left"><b>SQL Error:</b> 1064: You have an error in your SQL syntax; check the manual that corresponds to your MySQL server version for the right syntax to use near 'access_groups' at line 1</span> in [C:\xampp\htdocs\cake\cake\libs\model\datasources\dbo_source.php, line 681]
2010-11-16 14:18:31 Warning: Warning (512): <span style="color:Red;text-align:left"><b>SQL Error:</b> 1064: You have an error in your SQL syntax; check the manual that corresponds to your MySQL server version for the right syntax to use near 'access_groups' at line 1</span> in [C:\xampp\htdocs\cake\cake\libs\model\datasources\dbo_source.php, line 681]
2010-11-16 14:19:23 Warning: Warning (512): <span style="color:Red;text-align:left"><b>SQL Error:</b> 1064: You have an error in your SQL syntax; check the manual that corresponds to your MySQL server version for the right syntax to use near 'access_groups' at line 1</span> in [C:\xampp\htdocs\cake\cake\libs\model\datasources\dbo_source.php, line 681]
2010-11-16 14:19:23 Warning: Warning (2): Cannot modify header information - headers already sent by (output started at C:\xampp\htdocs\cake\cake\libs\debugger.php:673) in [C:\xampp\htdocs\cake\cake\libs\controller\controller.php, line 746]
2010-11-16 14:19:42 Warning: Warning (512): <span style="color:Red;text-align:left"><b>SQL Error:</b> 1064: You have an error in your SQL syntax; check the manual that corresponds to your MySQL server version for the right syntax to use near 'access_groups' at line 1</span> in [C:\xampp\htdocs\cake\cake\libs\model\datasources\dbo_source.php, line 681]
2010-11-16 14:19:49 Warning: Warning (512): <span style="color:Red;text-align:left"><b>SQL Error:</b> 1064: You have an error in your SQL syntax; check the manual that corresponds to your MySQL server version for the right syntax to use near 'access_groups' at line 1</span> in [C:\xampp\htdocs\cake\cake\libs\model\datasources\dbo_source.php, line 681]
2010-11-16 14:19:56 Warning: Warning (512): <span style="color:Red;text-align:left"><b>SQL Error:</b> 1064: You have an error in your SQL syntax; check the manual that corresponds to your MySQL server version for the right syntax to use near 'access_groups' at line 1</span> in [C:\xampp\htdocs\cake\cake\libs\model\datasources\dbo_source.php, line 681]
2010-11-16 22:01:46 Warning: Warning (2): fopen(C:\Documents and Settings\Laptop\My Documents\My Dropbox\htdocs\oconnorsbar\tmp\cache\cake_toolbar_cache7de966c25f80903611e6bd99f71298de) [<a href='http://php.net/function.fopen'>function.fopen</a>]: failed to open stream: Invalid argument in [C:\xampp\htdocs\cake\cake\libs\file.php, line 154]
2010-11-16 22:09:47 Warning: Warning (2): fopen(C:\Documents and Settings\Laptop\My Documents\My Dropbox\htdocs\oconnorsbar\tmp\cache\persistent\cake_core_object_map) [<a href='http://php.net/function.fopen'>function.fopen</a>]: failed to open stream: Permission denied in [C:\xampp\htdocs\cake\cake\libs\file.php, line 154]
2010-11-19 13:46:46 Warning: Warning (2): fopen(C:\Users\Ricky\Documents\My Dropbox\htdocs\oconnorsbar\tmp\cache\persistent\cake_core_dir_map) [<a href='http://php.net/function.fopen'>function.fopen</a>]: failed to open stream: Invalid argument in [C:\xampp\htdocs\cake\cake\libs\file.php, line 154]
2010-11-19 14:09:32 Warning: Warning (2): fopen(C:\Users\Ricky\Documents\My Dropbox\htdocs\oconnorsbar\tmp\cache\persistent\cake_core_dir_map) [<a href='http://php.net/function.fopen'>function.fopen</a>]: failed to open stream: Invalid argument in [C:\xampp\htdocs\cake\cake\libs\file.php, line 154]
2010-11-20 12:50:25 Warning: Warning (2): fopen(C:\Documents and Settings\Laptop\My Documents\My Dropbox\htdocs\oconnorsbar\tmp\cache\persistent\cake_core_object_map) [<a href='http://php.net/function.fopen'>function.fopen</a>]: failed to open stream: Permission denied in [C:\xampp\htdocs\cake\cake\libs\file.php, line 154]
2010-11-20 13:58:20 Warning: Warning (512): <span style="color:Red;text-align:left"><b>SQL Error:</b> 1066: Not unique table/alias: 'Page'</span> in [C:\xampp\htdocs\cake\cake\libs\model\datasources\dbo_source.php, line 681]
2010-11-20 14:00:13 Warning: Warning (2): fopen(C:\Documents and Settings\Laptop\My Documents\My Dropbox\htdocs\oconnorsbar\tmp\cache\cake_toolbar_cache7de966c25f80903611e6bd99f71298de) [<a href='http://php.net/function.fopen'>function.fopen</a>]: failed to open stream: Permission denied in [C:\xampp\htdocs\cake\cake\libs\file.php, line 154]
2010-11-20 15:36:25 Warning: Warning (2): fopen(C:\Documents and Settings\Laptop\My Documents\My Dropbox\htdocs\oconnorsbar\tmp\cache\persistent\cake_core_file_map) [<a href='http://php.net/function.fopen'>function.fopen</a>]: failed to open stream: Permission denied in [C:\xampp\htdocs\cake\cake\libs\file.php, line 154]
2010-11-20 15:36:25 Warning: Warning (2): fopen(C:\Documents and Settings\Laptop\My Documents\My Dropbox\htdocs\oconnorsbar\tmp\cache\persistent\cake_core_file_map) [<a href='http://php.net/function.fopen'>function.fopen</a>]: failed to open stream: Permission denied in [C:\xampp\htdocs\cake\cake\libs\file.php, line 154]
2010-11-20 15:36:40 Warning: Warning (2): fopen(C:\Documents and Settings\Laptop\My Documents\My Dropbox\htdocs\oconnorsbar\tmp\cache\models\cake_model_default_subscribers) [<a href='http://php.net/function.fopen'>function.fopen</a>]: failed to open stream: Permission denied in [C:\xampp\htdocs\cake\cake\libs\file.php, line 154]
2010-11-20 15:36:40 Warning: Warning (2): Cannot modify header information - headers already sent by (output started at C:\xampp\htdocs\cake\cake\libs\debugger.php:673) in [C:\xampp\htdocs\cake\cake\dispatcher.php, line 637]
2010-11-20 15:36:40 Warning: Warning (2): Cannot modify header information - headers already sent by (output started at C:\xampp\htdocs\cake\cake\libs\debugger.php:673) in [C:\xampp\htdocs\cake\cake\dispatcher.php, line 638]
2010-11-20 15:36:40 Warning: Warning (2): Cannot modify header information - headers already sent by (output started at C:\xampp\htdocs\cake\cake\libs\debugger.php:673) in [C:\xampp\htdocs\cake\cake\dispatcher.php, line 639]
2010-11-20 15:36:40 Warning: Warning (2): Cannot modify header information - headers already sent by (output started at C:\xampp\htdocs\cake\cake\libs\debugger.php:673) in [C:\xampp\htdocs\cake\cake\dispatcher.php, line 640]
2010-11-20 15:36:40 Warning: Warning (2): Cannot modify header information - headers already sent by (output started at C:\xampp\htdocs\cake\cake\libs\debugger.php:673) in [C:\xampp\htdocs\cake\cake\dispatcher.php, line 641]
2010-11-20 19:21:54 Warning: Warning (2): fopen(C:\Documents and Settings\Laptop\My Documents\My Dropbox\htdocs\oconnorsbar\tmp\cache\cake_toolbar_cache7de966c25f80903611e6bd99f71298de) [<a href='http://php.net/function.fopen'>function.fopen</a>]: failed to open stream: Invalid argument in [C:\xampp\htdocs\cake\cake\libs\file.php, line 154]
2010-11-22 09:23:45 Warning: Warning (512): <span style="color:Red;text-align:left"><b>SQL Error:</b> 1054: Unknown column 'Page.page_id' in 'on clause'</span> in [C:\xampp\htdocs\cake\cake\libs\model\datasources\dbo_source.php, line 681]
2010-11-22 09:23:46 Warning: Warning (512): <span style="color:Red;text-align:left"><b>SQL Error:</b> 1054: Unknown column 'Page.page_id' in 'on clause'</span> in [C:\xampp\htdocs\cake\cake\libs\model\datasources\dbo_source.php, line 681]
2010-11-22 09:27:59 Warning: Warning (2): fopen(C:\Users\Ricky\Documents\My Dropbox\htdocs\oconnorsbar\tmp\cache\persistent\cake_core_dir_map) [<a href='http://php.net/function.fopen'>function.fopen</a>]: failed to open stream: Invalid argument in [C:\xampp\htdocs\cake\cake\libs\file.php, line 154]
2010-11-22 13:33:42 Warning: Warning (2): fopen(C:\Users\Ricky\Documents\My Dropbox\htdocs\oconnorsbar\tmp\cache\persistent\cake_core_dir_map) [<a href='http://php.net/function.fopen'>function.fopen</a>]: failed to open stream: Invalid argument in [C:\xampp\htdocs\cake\cake\libs\file.php, line 154]
2010-11-22 13:37:13 Warning: Warning (2): fopen(C:\Users\Ricky\Documents\My Dropbox\htdocs\oconnorsbar\tmp\cache\persistent\cake_core_dir_map) [<a href='http://php.net/function.fopen'>function.fopen</a>]: failed to open stream: Invalid argument in [C:\xampp\htdocs\cake\cake\libs\file.php, line 154]
2010-11-22 14:07:34 Warning: Warning (2): fopen(C:\Users\Ricky\Documents\My Dropbox\htdocs\oconnorsbar\tmp\cache\cake_toolbar_cacheaf29cd7a943ef7dbb553ce048f2894f5) [<a href='http://php.net/function.fopen'>function.fopen</a>]: failed to open stream: Permission denied in [C:\xampp\htdocs\cake\cake\libs\file.php, line 154]
2010-11-22 19:57:08 Warning: Warning (2): fopen(C:\Documents and Settings\Laptop\My Documents\My Dropbox\htdocs\oconnorsbar\tmp\cache\persistent\cake_core_object_map) [<a href='http://php.net/function.fopen'>function.fopen</a>]: failed to open stream: Permission denied in [C:\xampp\htdocs\cake\cake\libs\file.php, line 154]
2010-11-22 19:57:14 Warning: Warning (2): fopen(C:\Documents and Settings\Laptop\My Documents\My Dropbox\htdocs\oconnorsbar\tmp\cache\cake_toolbar_cache) [<a href='http://php.net/function.fopen'>function.fopen</a>]: failed to open stream: Permission denied in [C:\xampp\htdocs\cake\cake\libs\file.php, line 154]
2010-11-22 20:30:21 Warning: Warning (2): fopen(C:\Documents and Settings\Laptop\My Documents\My Dropbox\htdocs\oconnorsbar\tmp\cache\persistent\cake_core_file_map) [<a href='http://php.net/function.fopen'>function.fopen</a>]: failed to open stream: Permission denied in [C:\xampp\htdocs\cake\cake\libs\file.php, line 154]
2010-11-22 20:30:21 Warning: Warning (2): fopen(C:\Documents and Settings\Laptop\My Documents\My Dropbox\htdocs\oconnorsbar\tmp\cache\persistent\cake_core_file_map) [<a href='http://php.net/function.fopen'>function.fopen</a>]: failed to open stream: Permission denied in [C:\xampp\htdocs\cake\cake\libs\file.php, line 154]
2010-11-22 21:37:33 Warning: Warning (2): fopen(C:\Documents and Settings\Laptop\My Documents\My Dropbox\htdocs\oconnorsbar\tmp\cache\persistent\cake_core_file_map) [<a href='http://php.net/function.fopen'>function.fopen</a>]: failed to open stream: Permission denied in [C:\xampp\htdocs\cake\cake\libs\file.php, line 154]
2010-11-22 21:37:33 Warning: Warning (2): fopen(C:\Documents and Settings\Laptop\My Documents\My Dropbox\htdocs\oconnorsbar\tmp\cache\persistent\cake_core_object_map) [<a href='http://php.net/function.fopen'>function.fopen</a>]: failed to open stream: Permission denied in [C:\xampp\htdocs\cake\cake\libs\file.php, line 154]
2010-11-22 21:47:31 Warning: Warning (2): fopen(C:\Documents and Settings\Laptop\My Documents\My Dropbox\htdocs\oconnorsbar\tmp\cache\persistent\cake_core_object_map) [<a href='http://php.net/function.fopen'>function.fopen</a>]: failed to open stream: Permission denied in [C:\xampp\htdocs\cake\cake\libs\file.php, line 154]
2010-11-25 21:19:38 Warning: Warning (2): fopen(C:\Documents and Settings\Laptop\My Documents\My Dropbox\htdocs\oconnorsbar\tmp\cache\persistent\cake_core_file_map) [<a href='http://php.net/function.fopen'>function.fopen</a>]: failed to open stream: Permission denied in [C:\xampp\htdocs\cake\cake\libs\file.php, line 154]
2010-11-25 21:19:38 Warning: Warning (2): fopen(C:\Documents and Settings\Laptop\My Documents\My Dropbox\htdocs\oconnorsbar\tmp\cache\persistent\cake_core_object_map) [<a href='http://php.net/function.fopen'>function.fopen</a>]: failed to open stream: Permission denied in [C:\xampp\htdocs\cake\cake\libs\file.php, line 154]
2010-11-27 15:22:55 Warning: Warning (2): fopen(C:\Documents and Settings\Laptop\My Documents\My Dropbox\htdocs\oconnorsbar\tmp\cache\cake_toolbar_cache7de966c25f80903611e6bd99f71298de) [<a href='http://php.net/function.fopen'>function.fopen</a>]: failed to open stream: Permission denied in [C:\xampp\htdocs\cake\cake\libs\file.php, line 154]
2010-11-27 15:23:14 Warning: Warning (2): fopen(C:\Documents and Settings\Laptop\My Documents\My Dropbox\htdocs\oconnorsbar\tmp\cache\persistent\cake_core_object_map) [<a href='http://php.net/function.fopen'>function.fopen</a>]: failed to open stream: Permission denied in [C:\xampp\htdocs\cake\cake\libs\file.php, line 154]
2010-11-27 15:35:00 Warning: Warning (2): unlink(C:\Documents and Settings\Laptop\My Documents\My Dropbox\htdocs\oconnorsbar\tmp\cache\persistent\cake_core_default_en_gb) [<a href='http://php.net/function.unlink'>function.unlink</a>]: Permission denied in [C:\xampp\htdocs\cake\cake\libs\file.php, line 296]
2010-11-27 15:35:00 Warning: Warning (2): Cannot modify header information - headers already sent by (output started at C:\xampp\htdocs\cake\cake\libs\debugger.php:673) in [C:\xampp\htdocs\cake\cake\dispatcher.php, line 637]
2010-11-27 15:35:00 Warning: Warning (2): Cannot modify header information - headers already sent by (output started at C:\xampp\htdocs\cake\cake\libs\debugger.php:673) in [C:\xampp\htdocs\cake\cake\dispatcher.php, line 638]
2010-11-27 15:35:00 Warning: Warning (2): Cannot modify header information - headers already sent by (output started at C:\xampp\htdocs\cake\cake\libs\debugger.php:673) in [C:\xampp\htdocs\cake\cake\dispatcher.php, line 639]
2010-11-27 15:35:00 Warning: Warning (2): Cannot modify header information - headers already sent by (output started at C:\xampp\htdocs\cake\cake\libs\debugger.php:673) in [C:\xampp\htdocs\cake\cake\dispatcher.php, line 640]
2010-11-27 15:35:00 Warning: Warning (2): Cannot modify header information - headers already sent by (output started at C:\xampp\htdocs\cake\cake\libs\debugger.php:673) in [C:\xampp\htdocs\cake\cake\dispatcher.php, line 641]
2010-11-27 16:03:29 Warning: Warning (2): fopen(C:\Documents and Settings\Laptop\My Documents\My Dropbox\htdocs\oconnorsbar\tmp\cache\cake_toolbar_cache7de966c25f80903611e6bd99f71298de) [<a href='http://php.net/function.fopen'>function.fopen</a>]: failed to open stream: Invalid argument in [C:\xampp\htdocs\cake\cake\libs\file.php, line 154]
2010-11-27 16:12:31 Warning: Warning (2): fopen(C:\Documents and Settings\Laptop\My Documents\My Dropbox\htdocs\oconnorsbar\tmp\cache\cake_toolbar_cache7de966c25f80903611e6bd99f71298de) [<a href='http://php.net/function.fopen'>function.fopen</a>]: failed to open stream: Invalid argument in [C:\xampp\htdocs\cake\cake\libs\file.php, line 154]
2010-11-27 16:16:24 Warning: Warning (2): fopen(C:\Documents and Settings\Laptop\My Documents\My Dropbox\htdocs\oconnorsbar\tmp\cache\cake_toolbar_cache7de966c25f80903611e6bd99f71298de) [<a href='http://php.net/function.fopen'>function.fopen</a>]: failed to open stream: Invalid argument in [C:\xampp\htdocs\cake\cake\libs\file.php, line 154]
2010-11-27 16:17:34 Warning: Warning (2): file_exists() expects parameter 1 to be string, array given in [C:\Documents and Settings\Laptop\My Documents\My Dropbox\htdocs\oconnorsbar\views\elements\admin\image_upload_tab.ctp, line 35]
2010-11-27 16:24:44 Warning: Warning (2): fopen(C:\Documents and Settings\Laptop\My Documents\My Dropbox\htdocs\oconnorsbar\tmp\cache\cake_toolbar_cache7de966c25f80903611e6bd99f71298de) [<a href='http://php.net/function.fopen'>function.fopen</a>]: failed to open stream: Permission denied in [C:\xampp\htdocs\cake\cake\libs\file.php, line 154]
2010-11-27 16:39:55 Warning: Warning (2): fopen(C:\Documents and Settings\Laptop\My Documents\My Dropbox\htdocs\oconnorsbar\tmp\cache\cake_toolbar_cache7de966c25f80903611e6bd99f71298de) [<a href='http://php.net/function.fopen'>function.fopen</a>]: failed to open stream: Invalid argument in [C:\xampp\htdocs\cake\cake\libs\file.php, line 154]
2010-11-27 16:55:34 Warning: Warning (2): fopen(C:\Documents and Settings\Laptop\My Documents\My Dropbox\htdocs\oconnorsbar\tmp\cache\cake_toolbar_cache7de966c25f80903611e6bd99f71298de) [<a href='http://php.net/function.fopen'>function.fopen</a>]: failed to open stream: Permission denied in [C:\xampp\htdocs\cake\cake\libs\file.php, line 154]
2010-11-27 19:30:15 Warning: Warning (2): fopen(C:\Documents and Settings\Laptop\My Documents\My Dropbox\htdocs\oconnorsbar\tmp\cache\persistent\cake_core_object_map) [<a href='http://php.net/function.fopen'>function.fopen</a>]: failed to open stream: Permission denied in [C:\xampp\htdocs\cake\cake\libs\file.php, line 154]
2010-11-28 13:57:15 Warning: Warning (2): fopen(C:\Documents and Settings\Laptop\My Documents\My Dropbox\htdocs\oconnorsbar\tmp\cache\cake_toolbar_cache) [<a href='http://php.net/function.fopen'>function.fopen</a>]: failed to open stream: Permission denied in [C:\xampp\htdocs\cake\cake\libs\file.php, line 154]
2010-11-28 14:05:38 Warning: Warning (2): fopen(C:\Documents and Settings\Laptop\My Documents\My Dropbox\htdocs\oconnorsbar\tmp\cache\cake_toolbar_cache7de966c25f80903611e6bd99f71298de) [<a href='http://php.net/function.fopen'>function.fopen</a>]: failed to open stream: Permission denied in [C:\xampp\htdocs\cake\cake\libs\file.php, line 154]
2010-11-28 14:15:34 Warning: Warning (512): <span style="color:Red;text-align:left"><b>SQL Error:</b> 1052: Column 'slug' in where clause is ambiguous</span> in [C:\xampp\htdocs\cake\cake\libs\model\datasources\dbo_source.php, line 681]
2010-11-28 15:23:23 Warning: Warning (2): fopen(C:\Documents and Settings\Laptop\My Documents\My Dropbox\htdocs\oconnorsbar\tmp\cache\cake_toolbar_cache) [<a href='http://php.net/function.fopen'>function.fopen</a>]: failed to open stream: Invalid argument in [C:\xampp\htdocs\cake\cake\libs\file.php, line 154]
2010-11-28 15:45:19 Warning: Warning (2): fopen(C:\Documents and Settings\Laptop\My Documents\My Dropbox\htdocs\oconnorsbar\tmp\cache\persistent\cake_core_object_map) [<a href='http://php.net/function.fopen'>function.fopen</a>]: failed to open stream: Permission denied in [C:\xampp\htdocs\cake\cake\libs\file.php, line 154]
2010-11-28 15:45:33 Warning: Warning (2): fopen(C:\Documents and Settings\Laptop\My Documents\My Dropbox\htdocs\oconnorsbar\tmp\cache\cake_toolbar_cache) [<a href='http://php.net/function.fopen'>function.fopen</a>]: failed to open stream: Permission denied in [C:\xampp\htdocs\cake\cake\libs\file.php, line 154]
2010-11-28 15:54:56 Warning: Warning (2): fopen(C:\Documents and Settings\Laptop\My Documents\My Dropbox\htdocs\oconnorsbar\tmp\cache\cake_toolbar_cache7de966c25f80903611e6bd99f71298de) [<a href='http://php.net/function.fopen'>function.fopen</a>]: failed to open stream: Invalid argument in [C:\xampp\htdocs\cake\cake\libs\file.php, line 154]
2010-11-28 16:32:27 Warning: Warning (512): <span style="color:Red;text-align:left"><b>SQL Error:</b> 1054: Unknown column 'order' in 'where clause'</span> in [C:\xampp\htdocs\cake\cake\libs\model\datasources\dbo_source.php, line 681]
2010-11-28 19:48:41 Warning: Warning (2): fopen(C:\Documents and Settings\Laptop\My Documents\My Dropbox\htdocs\oconnorsbar\tmp\cache\persistent\cake_core_dir_map) [<a href='http://php.net/function.fopen'>function.fopen</a>]: failed to open stream: Permission denied in [C:\xampp\htdocs\cake\cake\libs\file.php, line 154]
2010-11-28 20:01:40 Warning: Warning (2): fopen(C:\Documents and Settings\Laptop\My Documents\My Dropbox\htdocs\oconnorsbar\tmp\cache\cake_toolbar_cache7de966c25f80903611e6bd99f71298de) [<a href='http://php.net/function.fopen'>function.fopen</a>]: failed to open stream: Permission denied in [C:\xampp\htdocs\cake\cake\libs\file.php, line 154]
2010-11-28 20:26:40 Warning: Warning (2): unlink(C:\Documents and Settings\Laptop\My Documents\My Dropbox\htdocs\oconnorsbar\tmp\cache\persistent\cake_core_file_map) [<a href='http://php.net/function.unlink'>function.unlink</a>]: Permission denied in [C:\xampp\htdocs\cake\cake\libs\file.php, line 296]
2010-11-28 20:26:40 Warning: Warning (2): Cannot modify header information - headers already sent by (output started at C:\xampp\htdocs\cake\cake\libs\debugger.php:673) in [C:\xampp\htdocs\cake\cake\dispatcher.php, line 637]
2010-11-28 20:26:40 Warning: Warning (2): Cannot modify header information - headers already sent by (output started at C:\xampp\htdocs\cake\cake\libs\debugger.php:673) in [C:\xampp\htdocs\cake\cake\dispatcher.php, line 638]
2010-11-28 20:26:40 Warning: Warning (2): Cannot modify header information - headers already sent by (output started at C:\xampp\htdocs\cake\cake\libs\debugger.php:673) in [C:\xampp\htdocs\cake\cake\dispatcher.php, line 639]
2010-11-28 20:26:40 Warning: Warning (2): Cannot modify header information - headers already sent by (output started at C:\xampp\htdocs\cake\cake\libs\debugger.php:673) in [C:\xampp\htdocs\cake\cake\dispatcher.php, line 640]
2010-11-28 20:26:40 Warning: Warning (2): Cannot modify header information - headers already sent by (output started at C:\xampp\htdocs\cake\cake\libs\debugger.php:673) in [C:\xampp\htdocs\cake\cake\dispatcher.php, line 641]
2010-11-28 20:33:43 Warning: Warning (2): fopen(C:\Documents and Settings\Laptop\My Documents\My Dropbox\htdocs\oconnorsbar\tmp\cache\persistent\cake_core_file_map) [<a href='http://php.net/function.fopen'>function.fopen</a>]: failed to open stream: Permission denied in [C:\xampp\htdocs\cake\cake\libs\file.php, line 154]
2010-11-28 20:35:53 Warning: Warning (2): fopen(C:\Documents and Settings\Laptop\My Documents\My Dropbox\htdocs\oconnorsbar\tmp\cache\persistent\cake_core_dir_map) [<a href='http://php.net/function.fopen'>function.fopen</a>]: failed to open stream: Permission denied in [C:\xampp\htdocs\cake\cake\libs\file.php, line 154]
2010-11-28 20:45:33 Warning: Warning (2): fopen(C:\Documents and Settings\Laptop\My Documents\My Dropbox\htdocs\oconnorsbar\tmp\cache\cake_toolbar_cache7de966c25f80903611e6bd99f71298de) [<a href='http://php.net/function.fopen'>function.fopen</a>]: failed to open stream: Invalid argument in [C:\xampp\htdocs\cake\cake\libs\file.php, line 154]
2010-11-28 20:51:40 Warning: Warning (2): Cannot modify header information - headers already sent by (output started at C:\xampp\htdocs\cake\cake\libs\debugger.php:673) in [C:\xampp\htdocs\cake\cake\dispatcher.php, line 637]
2010-11-28 20:51:40 Warning: Warning (2): Cannot modify header information - headers already sent by (output started at C:\xampp\htdocs\cake\cake\libs\debugger.php:673) in [C:\xampp\htdocs\cake\cake\dispatcher.php, line 638]
2010-11-28 20:51:40 Warning: Warning (2): Cannot modify header information - headers already sent by (output started at C:\xampp\htdocs\cake\cake\libs\debugger.php:673) in [C:\xampp\htdocs\cake\cake\dispatcher.php, line 639]
2010-11-28 20:51:40 Warning: Warning (2): Cannot modify header information - headers already sent by (output started at C:\xampp\htdocs\cake\cake\libs\debugger.php:673) in [C:\xampp\htdocs\cake\cake\dispatcher.php, line 640]
2010-11-28 20:51:40 Warning: Warning (2): Cannot modify header information - headers already sent by (output started at C:\xampp\htdocs\cake\cake\libs\debugger.php:673) in [C:\xampp\htdocs\cake\cake\dispatcher.php, line 641]
2010-11-28 21:13:59 Warning: Warning (2): fopen(C:\Documents and Settings\Laptop\My Documents\My Dropbox\htdocs\oconnorsbar\tmp\cache\cake_toolbar_cache7de966c25f80903611e6bd99f71298de) [<a href='http://php.net/function.fopen'>function.fopen</a>]: failed to open stream: Invalid argument in [C:\xampp\htdocs\cake\cake\libs\file.php, line 154]
2010-12-02 15:30:33 Warning: Warning (2): fopen(C:\Users\Ricky\Documents\My Dropbox\htdocs\oconnorsbar\tmp\cache\cake_toolbar_cache6739330858cc10dcc4999100dc65b75a) [<a href='http://php.net/function.fopen'>function.fopen</a>]: failed to open stream: Permission denied in [C:\xampp\htdocs\cake\cake\libs\file.php, line 154]
2010-12-07 21:16:35 Warning: Warning (2): mysql_connect() [<a href='http://php.net/function.mysql-connect'>function.mysql-connect</a>]: Can't connect to MySQL server on 'localhost' (10061) in [C:\xampp\htdocs\cake\cake\libs\model\datasources\dbo\dbo_mysql.php, line 540]
2010-12-07 21:16:35 Warning: Warning (2): mysql_select_db() expects parameter 2 to be resource, boolean given in [C:\xampp\htdocs\cake\cake\libs\model\datasources\dbo\dbo_mysql.php, line 546]
2010-12-07 21:16:35 Warning: Warning (2): mysql_get_server_info() expects parameter 1 to be resource, boolean given in [C:\xampp\htdocs\cake\cake\libs\model\datasources\dbo\dbo_mysql.php, line 554]
2010-12-07 21:16:35 Warning: Warning (2): mysql_query() expects parameter 2 to be resource, boolean given in [C:\xampp\htdocs\cake\cake\libs\model\datasources\dbo\dbo_mysql.php, line 588]
2010-12-07 21:16:35 Warning: Warning (2): Cannot modify header information - headers already sent by (output started at C:\xampp\htdocs\cake\cake\libs\debugger.php:673) in [C:\xampp\htdocs\cake\cake\libs\controller\controller.php, line 746]
2010-12-07 21:16:38 Warning: Warning (2): mysql_connect() [<a href='http://php.net/function.mysql-connect'>function.mysql-connect</a>]: Can't connect to MySQL server on 'localhost' (10061) in [C:\xampp\htdocs\cake\cake\libs\model\datasources\dbo\dbo_mysql.php, line 540]
2010-12-07 21:16:38 Warning: Warning (2): mysql_select_db() expects parameter 2 to be resource, boolean given in [C:\xampp\htdocs\cake\cake\libs\model\datasources\dbo\dbo_mysql.php, line 546]
2010-12-07 21:16:38 Warning: Warning (2): mysql_get_server_info() expects parameter 1 to be resource, boolean given in [C:\xampp\htdocs\cake\cake\libs\model\datasources\dbo\dbo_mysql.php, line 554]
2010-12-07 21:16:38 Warning: Warning (2): mysql_query() expects parameter 2 to be resource, boolean given in [C:\xampp\htdocs\cake\cake\libs\model\datasources\dbo\dbo_mysql.php, line 588]
2010-12-07 21:16:38 Warning: Warning (2): Cannot modify header information - headers already sent by (output started at C:\xampp\htdocs\cake\cake\libs\debugger.php:673) in [C:\xampp\htdocs\cake\cake\libs\controller\controller.php, line 746]
2010-12-07 21:16:41 Warning: Warning (2): mysql_connect() [<a href='http://php.net/function.mysql-connect'>function.mysql-connect</a>]: Can't connect to MySQL server on 'localhost' (10061) in [C:\xampp\htdocs\cake\cake\libs\model\datasources\dbo\dbo_mysql.php, line 540]
2010-12-07 21:16:41 Warning: Warning (2): mysql_select_db() expects parameter 2 to be resource, boolean given in [C:\xampp\htdocs\cake\cake\libs\model\datasources\dbo\dbo_mysql.php, line 546]
2010-12-07 21:16:41 Warning: Warning (2): mysql_get_server_info() expects parameter 1 to be resource, boolean given in [C:\xampp\htdocs\cake\cake\libs\model\datasources\dbo\dbo_mysql.php, line 554]
2010-12-07 21:16:41 Warning: Warning (2): mysql_query() expects parameter 2 to be resource, boolean given in [C:\xampp\htdocs\cake\cake\libs\model\datasources\dbo\dbo_mysql.php, line 588]
2010-12-07 21:16:41 Warning: Warning (2): Cannot modify header information - headers already sent by (output started at C:\xampp\htdocs\cake\cake\libs\debugger.php:673) in [C:\xampp\htdocs\cake\cake\libs\controller\controller.php, line 746]
2010-12-07 21:16:43 Warning: Warning (2): mysql_connect() [<a href='http://php.net/function.mysql-connect'>function.mysql-connect</a>]: Can't connect to MySQL server on 'localhost' (10061) in [C:\xampp\htdocs\cake\cake\libs\model\datasources\dbo\dbo_mysql.php, line 540]
2010-12-07 21:16:43 Warning: Warning (2): mysql_select_db() expects parameter 2 to be resource, boolean given in [C:\xampp\htdocs\cake\cake\libs\model\datasources\dbo\dbo_mysql.php, line 546]
2010-12-07 21:16:43 Warning: Warning (2): mysql_get_server_info() expects parameter 1 to be resource, boolean given in [C:\xampp\htdocs\cake\cake\libs\model\datasources\dbo\dbo_mysql.php, line 554]
2010-12-07 21:16:43 Warning: Warning (2): mysql_query() expects parameter 2 to be resource, boolean given in [C:\xampp\htdocs\cake\cake\libs\model\datasources\dbo\dbo_mysql.php, line 588]
2010-12-07 21:16:43 Warning: Warning (2): Cannot modify header information - headers already sent by (output started at C:\xampp\htdocs\cake\cake\libs\debugger.php:673) in [C:\xampp\htdocs\cake\cake\libs\controller\controller.php, line 746]
2010-12-08 14:24:13 Warning: Warning (2): fopen(C:\Users\Ricky\Documents\My Dropbox\htdocs\oconnorsbar\tmp\cache\cake_toolbar_cache) [<a href='http://php.net/function.fopen'>function.fopen</a>]: failed to open stream: Invalid argument in [C:\xampp\htdocs\cake\cake\libs\file.php, line 154]
2010-12-08 14:31:44 Warning: Warning (2): fopen(C:\Users\Ricky\Documents\My Dropbox\htdocs\oconnorsbar\tmp\cache\persistent\cake_core_dir_map) [<a href='http://php.net/function.fopen'>function.fopen</a>]: failed to open stream: Invalid argument in [C:\xampp\htdocs\cake\cake\libs\file.php, line 154]
2010-12-08 14:32:23 Warning: Warning (2): fopen(C:\Users\Ricky\Documents\My Dropbox\htdocs\oconnorsbar\tmp\cache\cake_toolbar_cache) [<a href='http://php.net/function.fopen'>function.fopen</a>]: failed to open stream: Invalid argument in [C:\xampp\htdocs\cake\cake\libs\file.php, line 154]
2010-12-08 14:32:42 Warning: Warning (2): fopen(C:\Users\Ricky\Documents\My Dropbox\htdocs\oconnorsbar\tmp\cache\persistent\cake_core_dir_map) [<a href='http://php.net/function.fopen'>function.fopen</a>]: failed to open stream: Permission denied in [C:\xampp\htdocs\cake\cake\libs\file.php, line 154]
2010-12-31 00:04:49 Warning: Warning (2): mysql_connect() [<a href='http://php.net/function.mysql-connect'>function.mysql-connect</a>]: Can't connect to MySQL server on 'localhost' (10061) in [C:\xampp\htdocs\cake\cake\libs\model\datasources\dbo\dbo_mysql.php, line 540]
2010-12-31 00:04:49 Warning: Warning (2): mysql_select_db() expects parameter 2 to be resource, boolean given in [C:\xampp\htdocs\cake\cake\libs\model\datasources\dbo\dbo_mysql.php, line 546]
2010-12-31 00:04:49 Warning: Warning (2): mysql_get_server_info() expects parameter 1 to be resource, boolean given in [C:\xampp\htdocs\cake\cake\libs\model\datasources\dbo\dbo_mysql.php, line 554]
2010-12-31 00:04:49 Warning: Warning (2): mysql_query() expects parameter 2 to be resource, boolean given in [C:\xampp\htdocs\cake\cake\libs\model\datasources\dbo\dbo_mysql.php, line 588]
2010-12-31 00:04:49 Warning: Warning (2): Cannot modify header information - headers already sent by (output started at C:\xampp\htdocs\cake\cake\libs\debugger.php:673) in [C:\xampp\htdocs\cake\cake\libs\controller\controller.php, line 746]
2010-12-31 00:04:51 Warning: Warning (2): mysql_connect() [<a href='http://php.net/function.mysql-connect'>function.mysql-connect</a>]: Can't connect to MySQL server on 'localhost' (10061) in [C:\xampp\htdocs\cake\cake\libs\model\datasources\dbo\dbo_mysql.php, line 540]
2010-12-31 00:04:51 Warning: Warning (2): mysql_select_db() expects parameter 2 to be resource, boolean given in [C:\xampp\htdocs\cake\cake\libs\model\datasources\dbo\dbo_mysql.php, line 546]
2010-12-31 00:04:51 Warning: Warning (2): mysql_get_server_info() expects parameter 1 to be resource, boolean given in [C:\xampp\htdocs\cake\cake\libs\model\datasources\dbo\dbo_mysql.php, line 554]
2010-12-31 00:04:51 Warning: Warning (2): mysql_query() expects parameter 2 to be resource, boolean given in [C:\xampp\htdocs\cake\cake\libs\model\datasources\dbo\dbo_mysql.php, line 588]
2010-12-31 00:04:51 Warning: Warning (2): Cannot modify header information - headers already sent by (output started at C:\xampp\htdocs\cake\cake\libs\debugger.php:673) in [C:\xampp\htdocs\cake\cake\libs\controller\controller.php, line 746]
2011-01-15 10:19:51 Warning: Warning (2): fopen(C:\Documents and Settings\Laptop\My Documents\My Dropbox\htdocs\oconnorsbar\tmp\cache\persistent\cake_core_dir_map) [<a href='http://php.net/function.fopen'>function.fopen</a>]: failed to open stream: Permission denied in [C:\xampp\htdocs\cake\cake\libs\file.php, line 154]
2011-01-15 10:24:47 Warning: Warning (2): fopen(C:\Documents and Settings\Laptop\My Documents\My Dropbox\htdocs\oconnorsbar\tmp\cache\cake_toolbar_cache) [<a href='http://php.net/function.fopen'>function.fopen</a>]: failed to open stream: Permission denied in [C:\xampp\htdocs\cake\cake\libs\file.php, line 154]
2011-01-20 17:59:58 Warning: Warning (2): fopen(C:\Users\Ricky\Documents\My Dropbox\htdocs\oconnorsbar\tmp\cache\cake_toolbar_cache38e74ef9e6f1ebda1e7f79022ae3c4fd) [<a href='http://php.net/function.fopen'>function.fopen</a>]: failed to open stream: Invalid argument in [C:\xampp\htdocs\cake\cake\libs\file.php, line 154]
2011-01-20 17:59:58 Warning: Warning (2): Cannot modify header information - headers already sent by (output started at C:\xampp\htdocs\cake\cake\libs\debugger.php:673) in [C:\xampp\htdocs\cake\cake\libs\controller\controller.php, line 746]
2011-01-25 21:56:42 Warning: Warning (2): fopen(C:\Users\Ricky\Dropbox\htdocs\oconnorsbar\tmp\cache\cake_toolbar_cacheaa3a2d8fb178fe1f43d40bb44993a4c9) [<a href='http://php.net/function.fopen'>function.fopen</a>]: failed to open stream: Invalid argument in [C:\xampp\htdocs\cake\cake\libs\file.php, line 154]
2011-01-26 00:25:06 Warning: Warning (2): fopen(C:\Users\Ricky\Dropbox\htdocs\oconnorsbar\tmp\cache\cake_toolbar_cacheaa3a2d8fb178fe1f43d40bb44993a4c9) [<a href='http://php.net/function.fopen'>function.fopen</a>]: failed to open stream: Invalid argument in [C:\xampp\htdocs\cake\cake\libs\file.php, line 154]
2011-01-26 13:18:41 Warning: Warning (2): fopen(C:\Users\Ricky\Documents\My Dropbox\htdocs\oconnorsbar\tmp\cache\persistent\cake_core_dir_map) [<a href='http://php.net/function.fopen'>function.fopen</a>]: failed to open stream: Invalid argument in [C:\xampp\htdocs\cake\cake\libs\file.php, line 154]
2011-01-26 13:20:30 Warning: Warning (2): fopen(C:\Users\Ricky\Documents\My Dropbox\htdocs\oconnorsbar\tmp\cache\persistent\cake_core_dir_map) [<a href='http://php.net/function.fopen'>function.fopen</a>]: failed to open stream: Invalid argument in [C:\xampp\htdocs\cake\cake\libs\file.php, line 154]
2011-02-22 22:21:40 Warning: Warning (2): fopen(C:\Users\Ricky\Dropbox\htdocs\oconnorsbar\tmp\cache\cake_toolbar_cache) [<a href='http://php.net/function.fopen'>function.fopen</a>]: failed to open stream: Permission denied in [C:\xampp\htdocs\cake\cake\libs\file.php, line 154]
2011-02-22 22:21:40 Warning: Warning (2): fopen(C:\Users\Ricky\Dropbox\htdocs\oconnorsbar\tmp\cache\cake_toolbar_cache) [<a href='http://php.net/function.fopen'>function.fopen</a>]: failed to open stream: No such file or directory in [C:\xampp\htdocs\cake\cake\libs\file.php, line 154]
2011-02-22 22:21:41 Warning: Warning (2): Cannot modify header information - headers already sent by (output started at C:\xampp\htdocs\cake\cake\libs\debugger.php:673) in [C:\xampp\htdocs\cake\cake\dispatcher.php, line 640]
2011-02-22 22:21:41 Warning: Warning (2): Cannot modify header information - headers already sent by (output started at C:\xampp\htdocs\cake\cake\libs\debugger.php:673) in [C:\xampp\htdocs\cake\cake\dispatcher.php, line 641]
2011-02-22 22:21:41 Warning: Warning (2): Cannot modify header information - headers already sent by (output started at C:\xampp\htdocs\cake\cake\libs\debugger.php:673) in [C:\xampp\htdocs\cake\cake\dispatcher.php, line 642]
2011-02-22 22:21:41 Warning: Warning (2): Cannot modify header information - headers already sent by (output started at C:\xampp\htdocs\cake\cake\libs\debugger.php:673) in [C:\xampp\htdocs\cake\cake\dispatcher.php, line 643]
2011-02-22 22:21:41 Warning: Warning (2): Cannot modify header information - headers already sent by (output started at C:\xampp\htdocs\cake\cake\libs\debugger.php:673) in [C:\xampp\htdocs\cake\cake\dispatcher.php, line 644]
2011-02-22 22:21:41 Warning: Warning (2): Cannot modify header information - headers already sent by (output started at C:\xampp\htdocs\cake\cake\libs\debugger.php:673) in [C:\xampp\htdocs\cake\cake\dispatcher.php, line 640]
2011-02-22 22:21:41 Warning: Warning (2): Cannot modify header information - headers already sent by (output started at C:\xampp\htdocs\cake\cake\libs\debugger.php:673) in [C:\xampp\htdocs\cake\cake\dispatcher.php, line 641]
2011-02-22 22:21:41 Warning: Warning (2): Cannot modify header information - headers already sent by (output started at C:\xampp\htdocs\cake\cake\libs\debugger.php:673) in [C:\xampp\htdocs\cake\cake\dispatcher.php, line 642]
2011-02-22 22:21:41 Warning: Warning (2): Cannot modify header information - headers already sent by (output started at C:\xampp\htdocs\cake\cake\libs\debugger.php:673) in [C:\xampp\htdocs\cake\cake\dispatcher.php, line 643]
2011-02-22 22:21:41 Warning: Warning (2): Cannot modify header information - headers already sent by (output started at C:\xampp\htdocs\cake\cake\libs\debugger.php:673) in [C:\xampp\htdocs\cake\cake\dispatcher.php, line 644]
2011-02-22 23:27:51 Warning: Warning (2): file_exists() expects parameter 1 to be string, array given in [C:\Users\Ricky\Dropbox\htdocs\oconnorsbar\views\elements\admin\image_upload_tab.ctp, line 35]
2011-03-05 15:44:44 Warning: Warning (2): fopen(C:\Users\Ricky\Dropbox\htdocs\oconnorsbar\tmp\cache\persistent\cake_core_object_map) [<a href='http://php.net/function.fopen'>function.fopen</a>]: failed to open stream: Invalid argument in [C:\xampp\htdocs\cake\cake\libs\file.php, line 154]
